{"/Users/ayaelhwary/Downloads/react project/src/api/fetchStudents.js": {"path":"/Users/ayaelhwary/Downloads/react project/src/api/fetchStudents.js","statementMap":{"0":{"start":{"line":3,"column":2},"end":{"line":8,"column":5}}},"fnMap":{"0":{"name":"fetchStudents","decl":{"start":{"line":1,"column":22},"end":{"line":1,"column":35}},"loc":{"start":{"line":1,"column":38},"end":{"line":10,"column":1}},"line":1}},"branchMap":{},"s":{"0":1},"f":{"0":1},"b":{},"_coverageSchema":"1a1c01bbd47fc00a2c39e90264f33305004495a9","hash":"bc7d9bcf0dba209723a421cb039a73f6807f2eb7"}
,"/Users/ayaelhwary/Downloads/react project/src/utils/studentUtils.js": {"path":"/Users/ayaelhwary/Downloads/react project/src/utils/studentUtils.js","statementMap":{"0":{"start":{"line":3,"column":2},"end":{"line":5,"column":3}},"1":{"start":{"line":4,"column":4},"end":{"line":4,"column":40}},"2":{"start":{"line":7,"column":2},"end":{"line":7,"column":35}}},"fnMap":{"0":{"name":"addStudent","decl":{"start":{"line":1,"column":16},"end":{"line":1,"column":26}},"loc":{"start":{"line":1,"column":49},"end":{"line":8,"column":1}},"line":1}},"branchMap":{"0":{"loc":{"start":{"line":3,"column":2},"end":{"line":5,"column":3}},"type":"if","locations":[{"start":{"line":3,"column":2},"end":{"line":5,"column":3}},{"start":{},"end":{}}],"line":3}},"s":{"0":2,"1":1,"2":1},"f":{"0":2},"b":{"0":[1,1]},"_coverageSchema":"1a1c01bbd47fc00a2c39e90264f33305004495a9","hash":"07aee2723503a3f04149342e562d9c0481d68b7c"}
,"/Users/ayaelhwary/Downloads/react project/src/utils/textUtils.js": {"path":"/Users/ayaelhwary/Downloads/react project/src/utils/textUtils.js","statementMap":{"0":{"start":{"line":2,"column":2},"end":{"line":2,"column":54}}},"fnMap":{"0":{"name":"capitalize","decl":{"start":{"line":1,"column":16},"end":{"line":1,"column":26}},"loc":{"start":{"line":1,"column":33},"end":{"line":3,"column":1}},"line":1}},"branchMap":{},"s":{"0":1},"f":{"0":1},"b":{},"_coverageSchema":"1a1c01bbd47fc00a2c39e90264f33305004495a9","hash":"7854a3bed57638052019adb09253d779c5170e57"}
}
